<?xml version="1.0" encoding="UTF-8"?>
<!-- Generated by org.testng.reporters.JUnitReportReporter -->
<testsuite skipped="0" hostname="CORPLPTP000053" name="com.primeclass.qa.testcases.ShippinginformationTest" tests="1" failures="0" timestamp="2020-05-14T18:42:20 IST" time="120.056" errors="0">
  <testcase name="shippingInformationFill" time="120.056" classname="com.primeclass.qa.testcases.ShippinginformationTest"/>
  <system-out/>
</testsuite> <!-- com.primeclass.qa.testcases.ShippinginformationTest -->
